kotlin version: 2.0.0
error message: org.jetbrains.kotlin.backend.common.BackendException: Backend Internal error: Exception during IR lowering
File being compiled: /Users/sebastiangigi/AndroidStudioProjects/IClickIPayProject/common/src/main/java/com/example/common/reuseable/maps/mapui/MapScreen.kt
The root cause java.lang.RuntimeException was thrown at: org.jetbrains.kotlin.backend.jvm.codegen.FunctionCodegen.generate(FunctionCodegen.kt:50)
	at org.jetbrains.kotlin.backend.common.CodegenUtil.reportBackendException(CodegenUtil.kt:253)
	at org.jetbrains.kotlin.backend.common.CodegenUtil.reportBackendException$default(CodegenUtil.kt:236)
	at org.jetbrains.kotlin.backend.common.phaser.PerformByIrFilePhase.invokeSequential(performByIrFile.kt:65)
	at org.jetbrains.kotlin.backend.common.phaser.PerformByIrFilePhase.invoke(performByIrFile.kt:52)
	at org.jetbrains.kotlin.backend.common.phaser.PerformByIrFilePhase.invoke(performByIrFile.kt:38)
	at org.jetbrains.kotlin.backend.common.phaser.NamedCompilerPhase.phaseBody(CompilerPhase.kt:166)
	at org.jetbrains.kotlin.backend.common.phaser.AbstractNamedCompilerPhase.invoke(CompilerPhase.kt:113)
	at org.jetbrains.kotlin.backend.common.phaser.CompositePhase.invoke(PhaseBuilders.kt:29)
	at org.jetbrains.kotlin.backend.common.phaser.CompositePhase.invoke(PhaseBuilders.kt:16)
	at org.jetbrains.kotlin.backend.common.phaser.NamedCompilerPhase.phaseBody(CompilerPhase.kt:166)
	at org.jetbrains.kotlin.backend.common.phaser.AbstractNamedCompilerPhase.invoke(CompilerPhase.kt:113)
	at org.jetbrains.kotlin.backend.common.phaser.CompilerPhaseKt.invokeToplevel(CompilerPhase.kt:62)
	at org.jetbrains.kotlin.backend.jvm.JvmIrCodegenFactory.invokeCodegen(JvmIrCodegenFactory.kt:371)
	at org.jetbrains.kotlin.codegen.CodegenFactory.generateModule(CodegenFactory.kt:47)
	at org.jetbrains.kotlin.backend.jvm.JvmIrCodegenFactory.generateModuleInFrontendIRMode(JvmIrCodegenFactory.kt:433)
	at org.jetbrains.kotlin.cli.jvm.compiler.pipeline.JvmCompilerPipelineKt.generateCodeFromIr(jvmCompilerPipeline.kt:241)
	at org.jetbrains.kotlin.cli.jvm.compiler.pipeline.JvmCompilerPipelineKt.compileModulesUsingFrontendIrAndLightTree(jvmCompilerPipeline.kt:140)
	at org.jetbrains.kotlin.cli.jvm.K2JVMCompiler.doExecute(K2JVMCompiler.kt:155)
	at org.jetbrains.kotlin.cli.jvm.K2JVMCompiler.doExecute(K2JVMCompiler.kt:50)
	at org.jetbrains.kotlin.cli.common.CLICompiler.execImpl(CLICompiler.kt:104)
	at org.jetbrains.kotlin.cli.common.CLICompiler.execImpl(CLICompiler.kt:48)
	at org.jetbrains.kotlin.cli.common.CLITool.exec(CLITool.kt:101)
	at org.jetbrains.kotlin.incremental.IncrementalJvmCompilerRunner.runCompiler(IncrementalJvmCompilerRunner.kt:453)
	at org.jetbrains.kotlin.incremental.IncrementalJvmCompilerRunner.runCompiler(IncrementalJvmCompilerRunner.kt:62)
	at org.jetbrains.kotlin.incremental.IncrementalCompilerRunner.doCompile(IncrementalCompilerRunner.kt:506)
	at org.jetbrains.kotlin.incremental.IncrementalCompilerRunner.compileImpl(IncrementalCompilerRunner.kt:423)
	at org.jetbrains.kotlin.incremental.IncrementalCompilerRunner.compileNonIncrementally(IncrementalCompilerRunner.kt:301)
	at org.jetbrains.kotlin.incremental.IncrementalCompilerRunner.compile(IncrementalCompilerRunner.kt:129)
	at org.jetbrains.kotlin.daemon.CompileServiceImplBase.execIncrementalCompiler(CompileServiceImpl.kt:676)
	at org.jetbrains.kotlin.daemon.CompileServiceImplBase.access$execIncrementalCompiler(CompileServiceImpl.kt:92)
	at org.jetbrains.kotlin.daemon.CompileServiceImpl.compile(CompileServiceImpl.kt:1661)
	at java.base/jdk.internal.reflect.DirectMethodHandleAccessor.invoke(Unknown Source)
	at java.base/java.lang.reflect.Method.invoke(Unknown Source)
	at java.rmi/sun.rmi.server.UnicastServerRef.dispatch(Unknown Source)
	at java.rmi/sun.rmi.transport.Transport$1.run(Unknown Source)
	at java.rmi/sun.rmi.transport.Transport$1.run(Unknown Source)
	at java.base/java.security.AccessController.doPrivileged(Unknown Source)
	at java.rmi/sun.rmi.transport.Transport.serviceCall(Unknown Source)
	at java.rmi/sun.rmi.transport.tcp.TCPTransport.handleMessages(Unknown Source)
	at java.rmi/sun.rmi.transport.tcp.TCPTransport$ConnectionHandler.run0(Unknown Source)
	at java.rmi/sun.rmi.transport.tcp.TCPTransport$ConnectionHandler.lambda$run$0(Unknown Source)
	at java.base/java.security.AccessController.doPrivileged(Unknown Source)
	at java.rmi/sun.rmi.transport.tcp.TCPTransport$ConnectionHandler.run(Unknown Source)
	at java.base/java.util.concurrent.ThreadPoolExecutor.runWorker(Unknown Source)
	at java.base/java.util.concurrent.ThreadPoolExecutor$Worker.run(Unknown Source)
	at java.base/java.lang.Thread.run(Unknown Source)
Caused by: java.lang.RuntimeException: Exception while generating code for:
FUN name:MapScreen visibility:public modality:FINAL <> (modifier:androidx.compose.ui.Modifier) returnType:kotlin.Unit
  annotations:
    Composable
  VALUE_PARAMETER name:modifier index:0 type:androidx.compose.ui.Modifier
    EXPRESSION_BODY
      ERROR_EXPR 'Default Stub' type=androidx.compose.ui.Modifier
  BLOCK_BODY
    VAR name:context type:android.content.Context [val]
      CALL 'public final fun <get-current> (): T of androidx.compose.runtime.CompositionLocal [inline] declared in androidx.compose.runtime.CompositionLocal' type=android.content.Context origin=GET_PROPERTY
        $this: TYPE_OP type=androidx.compose.runtime.CompositionLocal<T of androidx.compose.runtime.CompositionLocal> origin=IMPLICIT_CAST typeOperand=androidx.compose.runtime.CompositionLocal<T of androidx.compose.runtime.CompositionLocal>
          CALL 'public final fun <get-LocalContext> (): androidx.compose.runtime.ProvidableCompositionLocal<android.content.Context> declared in androidx.compose.ui.platform.AndroidCompositionLocals_androidKt' type=androidx.compose.runtime.ProvidableCompositionLocal<android.content.Context> origin=GET_PROPERTY
    VAR name:searchQuery type:androidx.compose.runtime.MutableState<kotlin.String> [val]
      CALL 'public final fun remember <T> (calculation: @[DisallowComposableCalls] kotlin.Function0<T of androidx.compose.runtime.ComposablesKt.remember>): T of androidx.compose.runtime.ComposablesKt.remember [inline] declared in androidx.compose.runtime.ComposablesKt' type=androidx.compose.runtime.MutableState<kotlin.String> origin=null
        <T>: androidx.compose.runtime.MutableState<kotlin.String>
        calculation: BLOCK type=kotlin.Function0<androidx.compose.runtime.MutableState<kotlin.String>> origin=LAMBDA
          COMPOSITE type=kotlin.Unit origin=null
          FUNCTION_REFERENCE 'private final fun MapScreen$lambda$0 (): androidx.compose.runtime.MutableState<kotlin.String> declared in com.example.common.reuseable.maps.mapui.MapScreenKt' type=kotlin.Function0<androidx.compose.runtime.MutableState<kotlin.String>> origin=INLINE_LAMBDA reflectionTarget=null
    VAR name:selectedSuggestion type:androidx.compose.runtime.MutableState<kotlin.Pair<kotlin.String, com.google.android.gms.maps.model.LatLng>?> [val]
      CALL 'public final fun remember <T> (calculation: @[DisallowComposableCalls] kotlin.Function0<T of androidx.compose.runtime.ComposablesKt.remember>): T of androidx.compose.runtime.ComposablesKt.remember [inline] declared in androidx.compose.runtime.ComposablesKt' type=androidx.compose.runtime.MutableState<kotlin.Pair<kotlin.String, com.google.android.gms.maps.model.LatLng>?> origin=null
        <T>: androidx.compose.runtime.MutableState<kotlin.Pair<kotlin.String, com.google.android.gms.maps.model.LatLng>?>
        calculation: BLOCK type=kotlin.Function0<androidx.compose.runtime.MutableState<kotlin.Pair<kotlin.String, com.google.android.gms.maps.model.LatLng>?>> origin=LAMBDA
          COMPOSITE type=kotlin.Unit origin=null
          FUNCTION_REFERENCE 'private final fun MapScreen$lambda$1 (): androidx.compose.runtime.MutableState<kotlin.Pair<kotlin.String, com.google.android.gms.maps.model.LatLng>?> declared in com.example.common.reuseable.maps.mapui.MapScreenKt' type=kotlin.Function0<androidx.compose.runtime.MutableState<kotlin.Pair<kotlin.String, com.google.android.gms.maps.model.LatLng>?>> origin=INLINE_LAMBDA reflectionTarget=null
    VAR name:suggestions type:androidx.compose.runtime.MutableState<kotlin.collections.List<kotlin.Pair<kotlin.String, com.google.android.gms.maps.model.LatLng>>> [val]
      CALL 'public final fun remember <T> (calculation: @[DisallowComposableCalls] kotlin.Function0<T of androidx.compose.runtime.ComposablesKt.remember>): T of androidx.compose.runtime.ComposablesKt.remember [inline] declared in androidx.compose.runtime.ComposablesKt' type=androidx.compose.runtime.MutableState<kotlin.collections.List<kotlin.Pair<kotlin.String, com.google.android.gms.maps.model.LatLng>>> origin=null
        <T>: androidx.compose.runtime.MutableState<kotlin.collections.List<kotlin.Pair<kotlin.String, com.google.android.gms.maps.model.LatLng>>>
        calculation: BLOCK type=kotlin.Function0<androidx.compose.runtime.MutableState<kotlin.collections.List<kotlin.Pair<kotlin.String, com.google.android.gms.maps.model.LatLng>>>> origin=LAMBDA
          COMPOSITE type=kotlin.Unit origin=null
          FUNCTION_REFERENCE 'private final fun MapScreen$lambda$2 (): androidx.compose.runtime.MutableState<kotlin.collections.List<kotlin.Pair<kotlin.String, com.google.android.gms.maps.model.LatLng>>> declared in com.example.common.reuseable.maps.mapui.MapScreenKt' type=kotlin.Function0<androidx.compose.runtime.MutableState<kotlin.collections.List<kotlin.Pair<kotlin.String, com.google.android.gms.maps.model.LatLng>>>> origin=INLINE_LAMBDA reflectionTarget=null
    VAR name:selectedPosition type:androidx.compose.runtime.MutableState<com.google.android.gms.maps.model.LatLng> [val]
      CALL 'public final fun remember <T> (calculation: @[DisallowComposableCalls] kotlin.Function0<T of androidx.compose.runtime.ComposablesKt.remember>): T of androidx.compose.runtime.ComposablesKt.remember [inline] declared in androidx.compose.runtime.ComposablesKt' type=androidx.compose.runtime.MutableState<com.google.android.gms.maps.model.LatLng> origin=null
        <T>: androidx.compose.runtime.MutableState<com.google.android.gms.maps.model.LatLng>
        calculation: BLOCK type=kotlin.Function0<androidx.compose.runtime.MutableState<com.google.android.gms.maps.model.LatLng>> origin=LAMBDA
          COMPOSITE type=kotlin.Unit origin=null
          FUNCTION_REFERENCE 'private final fun MapScreen$lambda$3 (): androidx.compose.runtime.MutableState<com.google.android.gms.maps.model.LatLng> declared in com.example.common.reuseable.maps.mapui.MapScreenKt' type=kotlin.Function0<androidx.compose.runtime.MutableState<com.google.android.gms.maps.model.LatLng>> origin=INLINE_LAMBDA reflectionTarget=null
    VAR name:cameraPositionState type:com.google.maps.android.compose.CameraPositionState [val]
      CALL 'public final fun rememberCameraPositionState$default (key: kotlin.String?, init: @[ExtensionFunctionType] kotlin.Function1<com.google.maps.android.compose.CameraPositionState, kotlin.Unit>?, $mask0: kotlin.Int, $handler: kotlin.Any?): com.google.maps.android.compose.CameraPositionState [inline] declared in com.google.maps.android.compose.CameraPositionStateKt' type=com.google.maps.android.compose.CameraPositionState origin=DEFAULT_DISPATCH_CALL
        key: COMPOSITE type=kotlin.String? origin=DEFAULT_VALUE
          CONST Null type=kotlin.String? value=null
        init: BLOCK type=@[ExtensionFunctionType] kotlin.Function1<com.google.maps.android.compose.CameraPositionState, kotlin.Unit> origin=LAMBDA
          COMPOSITE type=kotlin.Unit origin=null
          FUNCTION_REFERENCE 'private final fun MapScreen$lambda$4 ($selectedPosition: androidx.compose.runtime.MutableState<com.google.android.gms.maps.model.LatLng>): kotlin.Unit declared in com.example.common.reuseable.maps.mapui.MapScreenKt' type=@[ExtensionFunctionType] kotlin.Function1<com.google.maps.android.compose.CameraPositionState, kotlin.Unit> origin=INLINE_LAMBDA reflectionTarget=null
            $selectedPosition: GET_VAR 'val selectedPosition: androidx.compose.runtime.MutableState<com.google.android.gms.maps.model.LatLng> [val] declared in com.example.common.reuseable.maps.mapui.MapScreenKt.MapScreen' type=androidx.compose.runtime.MutableState<com.google.android.gms.maps.model.LatLng> origin=null
        $mask0: CONST Int type=kotlin.Int value=1
        $handler: CONST Null type=kotlin.Any? value=null
    VAR name:route type:androidx.compose.runtime.MutableState<kotlin.collections.List<com.google.android.gms.maps.model.LatLng>> [val]
      CALL 'public final fun remember <T> (calculation: @[DisallowComposableCalls] kotlin.Function0<T of androidx.compose.runtime.ComposablesKt.remember>): T of androidx.compose.runtime.ComposablesKt.remember [inline] declared in androidx.compose.runtime.ComposablesKt' type=androidx.compose.runtime.MutableState<kotlin.collections.List<com.google.android.gms.maps.model.LatLng>> origin=null
        <T>: androidx.compose.runtime.MutableState<kotlin.collections.List<com.google.android.gms.maps.model.LatLng>>
        calculation: BLOCK type=kotlin.Function0<androidx.compose.runtime.MutableState<kotlin.collections.List<com.google.android.gms.maps.model.LatLng>>> origin=LAMBDA
          COMPOSITE type=kotlin.Unit origin=null
          FUNCTION_REFERENCE 'private final fun MapScreen$lambda$5 (): androidx.compose.runtime.MutableState<kotlin.collections.List<com.google.android.gms.maps.model.LatLng>> declared in com.example.common.reuseable.maps.mapui.MapScreenKt' type=kotlin.Function0<androidx.compose.runtime.MutableState<kotlin.collections.List<com.google.android.gms.maps.model.LatLng>>> origin=INLINE_LAMBDA reflectionTarget=null
    VAR name:originPosition type:androidx.compose.runtime.MutableState<com.google.android.gms.maps.model.LatLng> [val]
      CALL 'public final fun remember <T> (calculation: @[DisallowComposableCalls] kotlin.Function0<T of androidx.compose.runtime.ComposablesKt.remember>): T of androidx.compose.runtime.ComposablesKt.remember [inline] declared in androidx.compose.runtime.ComposablesKt' type=androidx.compose.runtime.MutableState<com.google.android.gms.maps.model.LatLng> origin=null
        <T>: androidx.compose.runtime.MutableState<com.google.android.gms.maps.model.LatLng>
        calculation: BLOCK type=kotlin.Function0<androidx.compose.runtime.MutableState<com.google.android.gms.maps.model.LatLng>> origin=LAMBDA
          COMPOSITE type=kotlin.Unit origin=null
          FUNCTION_REFERENCE 'private final fun MapScreen$lambda$6 (): androidx.compose.runtime.MutableState<com.google.android.gms.maps.model.LatLng> declared in com.example.common.reuseable.maps.mapui.MapScreenKt' type=kotlin.Function0<androidx.compose.runtime.MutableState<com.google.android.gms.maps.model.LatLng>> origin=INLINE_LAMBDA reflectionTarget=null
    CALL 'public final fun SearchPlaces (searchQuery: kotlin.String, onSuggestionsFetched: kotlin.Function1<kotlin.collections.List<kotlin.Pair<kotlin.String, com.google.android.gms.maps.model.LatLng>>, kotlin.Unit>): kotlin.Unit declared in com.example.common.reuseable.maps.mapui.MapScreenKt' type=kotlin.Unit origin=null
      searchQuery: CALL 'public abstract fun <get-value> (): T of androidx.compose.runtime.MutableState declared in androidx.compose.runtime.MutableState' type=kotlin.String origin=GET_PROPERTY
        $this: GET_VAR 'val searchQuery: androidx.compose.runtime.MutableState<kotlin.String> [val] declared in com.example.common.reuseable.maps.mapui.MapScreenKt.MapScreen' type=androidx.compose.runtime.MutableState<kotlin.String> origin=null
      onSuggestionsFetched: BLOCK type=kotlin.Function1<kotlin.collections.List<kotlin.Pair<kotlin.String, com.google.android.gms.maps.model.LatLng>>, kotlin.Unit> origin=LAMBDA
        COMPOSITE type=kotlin.Unit origin=null
        CALL 'public final fun <jvm-indy> <T> (dynamicCall: T of kotlin.jvm.internal.<jvm-indy>, bootstrapMethodHandle: kotlin.Any, vararg bootstrapMethodArguments: kotlin.Any): T of kotlin.jvm.internal.<jvm-indy> declared in kotlin.jvm.internal' type=kotlin.Function1<kotlin.collections.List<kotlin.Pair<kotlin.String, com.google.android.gms.maps.model.LatLng>>, kotlin.Unit> origin=null
          <T>: kotlin.Function1<kotlin.collections.List<kotlin.Pair<kotlin.String, com.google.android.gms.maps.model.LatLng>>, kotlin.Unit>
          dynamicCall: CALL 'public final fun invoke (p0: androidx.compose.runtime.MutableState<kotlin.collections.List<kotlin.Pair<kotlin.String, com.google.android.gms.maps.model.LatLng>>>): kotlin.Function1<kotlin.collections.List<kotlin.Pair<kotlin.String, com.google.android.gms.maps.model.LatLng>>, kotlin.Unit> declared in kotlin.jvm.internal.invokeDynamic' type=kotlin.Function1<kotlin.collections.List<kotlin.Pair<kotlin.String, com.google.android.gms.maps.model.LatLng>>, kotlin.Unit> origin=null
            p0: GET_VAR 'val suggestions: androidx.compose.runtime.MutableState<kotlin.collections.List<kotlin.Pair<kotlin.String, com.google.android.gms.maps.model.LatLng>>> [val] declared in com.example.common.reuseable.maps.mapui.MapScreenKt.MapScreen' type=androidx.compose.runtime.MutableState<kotlin.collections.List<kotlin.Pair<kotlin.String, com.google.android.gms.maps.model.LatLng>>> origin=null
          bootstrapMethodHandle: CALL 'public final fun <jvm-method-handle> (tag: kotlin.Int, owner: kotlin.String, name: kotlin.String, descriptor: kotlin.String, isInterface: kotlin.Boolean): kotlin.Any declared in kotlin.jvm.internal' type=kotlin.Any origin=null
            tag: CONST Int type=kotlin.Int value=6
            owner: CONST String type=kotlin.String value="java/lang/invoke/LambdaMetafactory"
            name: CONST String type=kotlin.String value="metafactory"
            descriptor: CONST String type=kotlin.String value="(Ljava/lang/invoke/MethodHandles$Lookup;Ljava/lang/String;Ljava/lang/invoke/MethodType;Ljava/lang/invoke/MethodType;Ljava/lang/invoke/MethodHandle;Ljava/lang/invoke/MethodType;)Ljava/lang/invoke/CallSite;"
            isInterface: CONST Boolean type=kotlin.Boolean value=false
          bootstrapMethodArguments: VARARG type=kotlin.Array<kotlin.Any> varargElementType=kotlin.Any
            CALL 'public final fun <jvm-original-method-type> (method: kotlin.Any): kotlin.Any declared in kotlin.jvm.internal' type=kotlin.Any origin=null
              method: RAW_FUNCTION_REFERENCE 'public abstract fun invoke (p1: P1 of kotlin.Function1): R of kotlin.Function1 [operator] declared in kotlin.Function1' type=kotlin.Any
            RAW_FUNCTION_REFERENCE 'private final fun MapScreen$lambda$7 ($suggestions: androidx.compose.runtime.MutableState<kotlin.collections.List<kotlin.Pair<kotlin.String, com.google.android.gms.maps.model.LatLng>>>, newSuggestions: kotlin.collections.List<kotlin.Pair<kotlin.String, com.google.android.gms.maps.model.LatLng>>): kotlin.Unit? declared in com.example.common.reuseable.maps.mapui.MapScreenKt' type=kotlin.Any
            CALL 'public final fun <jvm-original-method-type> (method: kotlin.Any): kotlin.Any declared in kotlin.jvm.internal' type=kotlin.Any origin=null
              method: RAW_FUNCTION_REFERENCE 'public abstract fun invoke (p1: kotlin.collections.List<kotlin.Pair<kotlin.String, com.google.android.gms.maps.model.LatLng>>): kotlin.Unit? [fake_override,operator] declared in kotlin.jvm.internal.invokeDynamic.<fake>' type=kotlin.Any
    CALL 'public final fun LaunchedEffect (key1: kotlin.Any?, block: @[ExtensionFunctionType] kotlin.coroutines.SuspendFunction1<kotlinx.coroutines.CoroutineScope, kotlin.Unit>): kotlin.Unit declared in androidx.compose.runtime.EffectsKt' type=kotlin.Unit origin=null
      key1: CALL 'public abstract fun <get-value> (): T of androidx.compose.runtime.MutableState declared in androidx.compose.runtime.MutableState' type=com.google.android.gms.maps.model.LatLng origin=GET_PROPERTY
        $this: GET_VAR 'val selectedPosition: androidx.compose.runtime.MutableState<com.google.android.gms.maps.model.LatLng> [val] declared in com.example.common.reuseable.maps.mapui.MapScreenKt.MapScreen' type=androidx.compose.runtime.MutableState<com.google.android.gms.maps.model.LatLng> origin=null
      block: BLOCK type=com.example.common.reuseable.maps.mapui.MapScreenKt.MapScreen.<no name provided> origin=null
        CLASS SUSPEND_LAMBDA CLASS name:<no name provided> modality:FINAL visibility:public/*package*/ superTypes:[kotlin.coroutines.jvm.internal.SuspendLambda; kotlin.jvm.functions.Function2<kotlinx.coroutines.CoroutineScope, kotlin.coroutines.Continuation<kotlin.Unit>?, kotlin.Any?>]
          $this: VALUE_PARAMETER INSTANCE_RECEIVER name:<this> type:com.example.common.reuseable.maps.mapui.MapScreenKt.MapScreen.<no name provided>
          FIELD name:label type:kotlin.Int visibility:public/*package*/
          CONSTRUCTOR SUSPEND_LAMBDA visibility:public/*package*/ <> ($selectedPosition:androidx.compose.runtime.MutableState<com.google.android.gms.maps.model.LatLng>, $originPosition:androidx.compose.runtime.MutableState<com.google.android.gms.maps.model.LatLng>, $route:androidx.compose.runtime.MutableState<kotlin.collections.List<com.google.android.gms.maps.model.LatLng>>, $completion:kotlin.coroutines.Continuation<com.example.common.reuseable.maps.mapui.MapScreenKt.MapScreen.<no name provided>>?) returnType:com.example.common.reuseable.maps.mapui.MapScreenKt.MapScreen.<no name provided> [primary]
            VALUE_PARAMETER BOUND_VALUE_PARAMETER name:$selectedPosition index:0 type:androidx.compose.runtime.MutableState<com.google.android.gms.maps.model.LatLng>
            VALUE_PARAMETER BOUND_VALUE_PARAMETER name:$originPosition index:1 type:androidx.compose.runtime.MutableState<com.google.android.gms.maps.model.LatLng>
            VALUE_PARAMETER BOUND_VALUE_PARAMETER name:$route index:2 type:androidx.compose.runtime.MutableState<kotlin.collections.List<com.google.android.gms.maps.model.LatLng>>
            VALUE_PARAMETER name:$completion index:3 type:kotlin.coroutines.Continuation<com.example.common.reuseable.maps.mapui.MapScreenKt.MapScreen.<no name provided>>?
            BLOCK_BODY
              SET_FIELD 'FIELD FIELD_FOR_CAPTURED_VALUE name:$selectedPosition type:androidx.compose.runtime.MutableState<com.google.android.gms.maps.model.LatLng> visibility:public/*package*/ [final]' type=kotlin.Unit origin=INITIALIZER_OF_FIELD_FOR_CAPTURED_VALUE
                receiver: GET_VAR '<this>: com.example.common.reuseable.maps.mapui.MapScreenKt.MapScreen.<no name provided> declared in com.example.common.reuseable.maps.mapui.MapScreenKt.MapScreen.<no name provided>' type=com.example.common.reuseable.maps.mapui.MapScreenKt.MapScreen.<no name provided> origin=null
                value: GET_VAR '$selectedPosition: androidx.compose.runtime.MutableState<com.google.android.gms.maps.model.LatLng> declared in com.example.common.reuseable.maps.mapui.MapScreenKt.MapScreen.<no name provided>.<init>' type=androidx.compose.runtime.MutableState<com.google.android.gms.maps.model.LatLng> origin=null
              SET_FIELD 'FIELD FIELD_FOR_CAPTURED_VALUE name:$originPosition type:androidx.compose.runtime.MutableState<com.google.android.gms.maps.model.LatLng> visibility:public/*package*/ [final]' type=kotlin.Unit origin=INITIALIZER_OF_FIELD_FOR_CAPTURED_VALUE
                receiver: GET_VAR '<this>: com.example.common.reuseable.maps.mapui.MapScreenKt.MapScreen.<no name provided> declared in com.example.common.reuseable.maps.mapui.MapScreenKt.MapScreen.<no name provided>' type=com.example.common.reuseable.maps.mapui.MapScreenKt.MapScreen.<no name provided> origin=null
                value: GET_VAR '$originPosition: androidx.compose.runtime.MutableState<com.google.android.gms.maps.model.LatLng> declared in com.example.common.reuseable.maps.mapui.MapScreenKt.MapScreen.<no name provided>.<init>' type=androidx.compose.runtime.MutableState<com.google.android.gms.maps.model.LatLng> origin=null
              SET_FIELD 'FIELD FIELD_FOR_CAPTURED_VALUE name:$route type:androidx.compose.runtime.MutableState<kotlin.collections.List<com.google.android.gms.maps.model.LatLng>> visibility:public/*package*/ [final]' type=kotlin.Unit origin=INITIALIZER_OF_FIELD_FOR_CAPTURED_VALUE
                receiver: GET_VAR '<this>: com.example.common.reuseable.maps.mapui.MapScreenKt.MapScreen.<no name provided> declared in com.example.common.reuseable.maps.mapui.MapScreenKt.MapScreen.<no name provided>' type=com.example.common.reuseable.maps.mapui.MapScreenKt.MapScreen.<no name provided> origin=null
                value: GET_VAR '$route: androidx.compose.runtime.MutableState<kotlin.collections.List<com.google.android.gms.maps.model.LatLng>> declared in com.example.common.reuseable.maps.mapui.MapScreenKt.MapScreen.<no name provided>.<init>' type=androidx.compose.runtime.MutableState<kotlin.collections.List<com.google.android.gms.maps.model.LatLng>> origin=null
              DELEGATING_CONSTRUCTOR_CALL 'public constructor <init> (arity: kotlin.Int, $completion: kotlin.coroutines.Continuation<kotlin.Any?>?) declared in kotlin.coroutines.jvm.internal.SuspendLambda'
                arity: CONST Int type=kotlin.Int value=2
                $completion: GET_VAR '$completion: kotlin.coroutines.Continuation<com.example.common.reuseable.maps.mapui.MapScreenKt.MapScreen.<no name provided>>? declared in com.example.common.reuseable.maps.mapui.MapScreenKt.MapScreen.<no name provided>.<init>' type=kotlin.coroutines.Continuation<com.example.common.reuseable.maps.mapui.MapScreenKt.MapScreen.<no name provided>>? origin=null
              BLOCK type=kotlin.Unit origin=null
          FUN name:invokeSuspend visibility:public modality:FINAL <> ($this:com.example.common.reuseable.maps.mapui.MapScreenKt.MapScreen.<no name provided>, $result:kotlin.Result<kotlin.Any?>) returnType:kotlin.Any?
            overridden:
              protected abstract fun invokeSuspend ($result: kotlin.Result<kotlin.Any?>): kotlin.Any? declared in kotlin.coroutines.jvm.internal.SuspendLambda
            $this: VALUE_PARAMETER INSTANCE_RECEIVER name:<this> type:com.example.common.reuseable.maps.mapui.MapScreenKt.MapScreen.<no name provided>
            VALUE_PARAMETER name:$result index:0 type:kotlin.Result<kotlin.Any?>
            BLOCK_BODY
              WHEN type=kotlin.Unit origin=IF
                BRANCH
                  if: CALL 'public final fun not (): kotlin.Boolean [operator] declared in kotlin.Boolean' type=kotlin.Boolean origin=EXCLEQ
                    $this: CALL 'public final fun EQEQ (arg0: kotlin.Any?, arg1: kotlin.Any?): kotlin.Boolean declared in kotlin.internal.ir' type=kotlin.Boolean origin=EXCLEQ
                      arg0: CALL 'public abstract fun <get-value> (): T of androidx.compose.runtime.MutableState declared in androidx.compose.runtime.MutableState' type=com.google.android.gms.maps.model.LatLng origin=GET_PROPERTY
                        $this: GET_FIELD 'FIELD FIELD_FOR_CAPTURED_VALUE name:$selectedPosition type:androidx.compose.runtime.MutableState<com.google.android.gms.maps.model.LatLng> visibility:public/*package*/ [final]' type=androidx.compose.runtime.MutableState<com.google.android.gms.maps.model.LatLng> origin=null
                          receiver: GET_VAR '<this>: com.example.common.reuseable.maps.mapui.MapScreenKt.MapScreen.<no name provided> declared in com.example.common.reuseable.maps.mapui.MapScreenKt.MapScreen.<no name provided>.invokeSuspend' type=com.example.common.reuseable.maps.mapui.MapScreenKt.MapScreen.<no name provided> origin=null
                      arg1: CALL 'public abstract fun <get-value> (): T of androidx.compose.runtime.MutableState declared in androidx.compose.runtime.MutableState' type=com.google.android.gms.maps.model.LatLng origin=GET_PROPERTY
                        $this: GET_FIELD 'FIELD FIELD_FOR_CAPTURED_VALUE name:$originPosition type:androidx.compose.runtime.MutableState<com.google.android.gms.maps.model.LatLng> visibility:public/*package*/ [final]' type=androidx.compose.runtime.MutableState<com.google.android.gms.maps.model.LatLng> origin=null
                          receiver: GET_VAR '<this>: com.example.common.reuseable.maps.mapui.MapScreenKt.MapScreen.<no name provided> declared in com.example.common.reuseable.maps.mapui.MapScreenKt.MapScreen.<no name provided>.invokeSuspend' type=com.example.common.reuseable.maps.mapui.MapScreenKt.MapScreen.<no name provided> origin=null
                  then: BLOCK type=kotlin.Unit origin=null
                    CALL 'public abstract fun <set-value> (value: T of androidx.compose.runtime.MutableState): kotlin.Unit declared in androidx.compose.runtime.MutableState' type=kotlin.Unit origin=EQ
                      $this: GET_FIELD 'FIELD FIELD_FOR_CAPTURED_VALUE name:$route type:androidx.compose.runtime.MutableState<kotlin.collections.List<com.google.android.gms.maps.model.LatLng>> visibility:public/*package*/ [final]' type=androidx.compose.runtime.MutableState<kotlin.collections.List<com.google.android.gms.maps.model.LatLng>> origin=null
                        receiver: GET_VAR '<this>: com.example.common.reuseable.maps.mapui.MapScreenKt.MapScreen.<no name provided> declared in com.example.common.reuseable.maps.mapui.MapScreenKt.MapScreen.<no name provided>.invokeSuspend' type=com.example.common.reuseable.maps.mapui.MapScreenKt.MapScreen.<no name provided> origin=null
                      value: CALL 'public final fun fetchRoute (apiKey: kotlin.String, origin: com.google.android.gms.maps.model.LatLng, destination: com.google.android.gms.maps.model.LatLng, $completion: kotlin.coroutines.Continuation<kotlin.collections.List<com.google.android.gms.maps.model.LatLng>>): kotlin.Any? [suspend] declared in com.example.common.reuseable.maps.mapui.MapScreenKt' type=kotlin.collections.List<com.google.android.gms.maps.model.LatLng> origin=null
                        apiKey: CONST String type=kotlin.String value="AIzaSyDzIo3sMmKaWWB20Usxmpl00oyL73ssCt0"
                        origin: CALL 'public abstract fun <get-value> (): T of androidx.compose.runtime.MutableState declared in androidx.compose.runtime.MutableState' type=com.google.android.gms.maps.model.LatLng origin=GET_PROPERTY
                          $this: GET_FIELD 'FIELD FIELD_FOR_CAPTURED_VALUE name:$originPosition type:androidx.compose.runtime.MutableState<com.google.android.gms.maps.model.LatLng> visibility:public/*package*/ [final]' type=androidx.compose.runtime.MutableState<com.google.android.gms.maps.model.LatLng> origin=null
                            receiver: GET_VAR '<this>: com.example.common.reuseable.maps.mapui.MapScreenKt.MapScreen.<no name provided> declared in com.example.common.reuseable.maps.mapui.MapScreenKt.MapScreen.<no name provided>.invokeSuspend' type=com.example.common.reuseable.maps.mapui.MapScreenKt.MapScreen.<no name provided> origin=null
                        destination: CALL 'public abstract fun <get-value> (): T of androidx.compose.runtime.MutableState declared in androidx.compose.runtime.MutableState' type=com.google.android.gms.maps.model.LatLng origin=GET_PROPERTY
                          $this: GET_FIELD 'FIELD FIELD_FOR_CAPTURED_VALUE name:$selectedPosition type:androidx.compose.runtime.MutableState<com.google.android.gms.maps.model.LatLng> visibility:public/*package*/ [final]' type=androidx.compose.runtime.MutableState<com.google.android.gms.maps.model.LatLng> origin=null
                            receiver: GET_VAR '<this>: com.example.common.reuseable.maps.mapui.MapScreenKt.MapScreen.<no name provided> declared in com.example.common.reuseable.maps.mapui.MapScreenKt.MapScreen.<no name provided>.invokeSuspend' type=com.example.common.reuseable.maps.mapui.MapScreenKt.MapScreen.<no name provided> origin=null
                        $completion: GET_VAR '<this>: com.example.common.reuseable.maps.mapui.MapScreenKt.MapScreen.<no name provided> declared in com.example.common.reuseable.maps.mapui.MapScreenKt.MapScreen.<no name provided>.invokeSuspend' type=com.example.common.reuseable.maps.mapui.MapScreenKt.MapScreen.<no name provided> origin=null
          FUN name:create visibility:public modality:FINAL <> ($this:com.example.common.reuseable.maps.mapui.MapScreenKt.MapScreen.<no name provided>, value:kotlin.Any?, $completion:kotlin.coroutines.Continuation<kotlin.Nothing>) returnType:kotlin.coroutines.Continuation<kotlin.Unit>
            overridden:
              public open fun create (value: kotlin.Any?, $completion: kotlin.coroutines.Continuation<kotlin.Nothing>): kotlin.coroutines.Continuation<kotlin.Unit> declared in kotlin.coroutines.jvm.internal.SuspendLambda
            $this: VALUE_PARAMETER INSTANCE_RECEIVER name:<this> type:com.example.common.reuseable.maps.mapui.MapScreenKt.MapScreen.<no name provided>
            VALUE_PARAMETER name:value index:0 type:kotlin.Any?
            VALUE_PARAMETER name:$completion index:1 type:kotlin.coroutines.Continuation<kotlin.Nothing>
            BLOCK_BODY
              RETURN type=kotlin.Nothing from='public final fun create (value: kotlin.Any?, $completion: kotlin.coroutines.Continuation<kotlin.Nothing>): kotlin.coroutines.Continuation<kotlin.Unit> declared in com.example.common.reuseable.maps.mapui.MapScreenKt.MapScreen.<no name provided>'
                CONSTRUCTOR_CALL 'public/*package*/ constructor <init> ($selectedPosition: androidx.compose.runtime.MutableState<com.google.android.gms.maps.model.LatLng>, $originPosition: androidx.compose.runtime.MutableState<com.google.android.gms.maps.model.LatLng>, $route: androidx.compose.runtime.MutableState<kotlin.collections.List<com.google.android.gms.maps.model.LatLng>>, $completion: kotlin.coroutines.Continuation<com.example.common.reuseable.maps.mapui.MapScreenKt.MapScreen.<no name provided>>?) [primary] declared in com.example.common.reuseable.maps.mapui.MapScreenKt.MapScreen.<no name provided>' type=com.example.common.reuseable.maps.mapui.MapScreenKt.MapScreen.<no name provided> origin=null
                  $selectedPosition: GET_FIELD 'FIELD FIELD_FOR_CAPTURED_VALUE name:$selectedPosition type:androidx.compose.runtime.MutableState<com.google.android.gms.maps.model.LatLng> visibility:public/*package*/ [final]' type=androidx.compose.runtime.MutableState<com.google.android.gms.maps.model.LatLng> origin=null
                    receiver: GET_VAR '<this>: com.example.common.reuseable.maps.mapui.MapScreenKt.MapScreen.<no name provided> declared in com.example.common.reuseable.maps.mapui.MapScreenKt.MapScreen.<no name provided>.create' type=com.example.common.reuseable.maps.mapui.MapScreenKt.MapScreen.<no name provided> origin=null
                  $originPosition: GET_FIELD 'FIELD FIELD_FOR_CAPTURED_VALUE name:$originPosition type:androidx.compose.runtime.MutableState<com.google.android.gms.maps.model.LatLng> visibility:public/*package*/ [final]' type=androidx.compose.runtime.MutableState<com.google.android.gms.maps.model.LatLng> origin=null
                    receiver: GET_VAR '<this>: com.example.common.reuseable.maps.mapui.MapScreenKt.MapScreen.<no name provided> declared in com.example.common.reuseable.maps.mapui.MapScreenKt.MapScreen.<no name provided>.create' type=com.example.common.reuseable.maps.mapui.MapScreenKt.MapScreen.<no name provided> origin=null
                  $route: GET_FIELD 'FIELD FIELD_FOR_CAPTURED_VALUE name:$route type:androidx.compose.runtime.MutableState<kotlin.collections.List<com.google.android.gms.maps.model.LatLng>> visibility:public/*package*/ [final]' type=androidx.compose.runtime.MutableState<kotlin.collections.List<com.google.android.gms.maps.model.LatLng>> origin=null
                    receiver: GET_VAR '<this>: com.example.common.reuseable.maps.mapui.MapScreenKt.MapScreen.<no name provided> declared in com.example.common.reuseable.maps.mapui.MapScreenKt.MapScreen.<no name provided>.create' type=com.example.common.reuseable.maps.mapui.MapScreenKt.MapScreen.<no name provided> origin=null
                  $completion: GET_VAR '$completion: kotlin.coroutines.Continuation<kotlin.Nothing> declared in com.example.common.reuseable.maps.mapui.MapScreenKt.MapScreen.<no name provided>.create' type=kotlin.coroutines.Continuation<kotlin.Nothing> origin=null
          FUN name:invoke visibility:public modality:FINAL <> ($this:com.example.common.reuseable.maps.mapui.MapScreenKt.MapScreen.<no name provided>, p1:kotlinx.coroutines.CoroutineScope, p2:kotlin.coroutines.Continuation<kotlin.Unit>?) returnType:kotlin.Any?
            overridden:
              public abstract fun invoke (p1: P1 of kotlin.jvm.functions.Function2, p2: P2 of kotlin.jvm.functions.Function2): R of kotlin.jvm.functions.Function2 declared in kotlin.jvm.functions.Function2
            $this: VALUE_PARAMETER INSTANCE_RECEIVER name:<this> type:com.example.common.reuseable.maps.mapui.MapScreenKt.MapScreen.<no name provided>
            VALUE_PARAMETER name:p1 index:0 type:kotlinx.coroutines.CoroutineScope
            VALUE_PARAMETER name:p2 index:1 type:kotlin.coroutines.Continuation<kotlin.Unit>?
            BLOCK_BODY
              RETURN type=kotlin.Nothing from='public final fun invoke (p1: kotlinx.coroutines.CoroutineScope, p2: kotlin.coroutines.Continuation<kotlin.Unit>?): kotlin.Any? declared in com.example.common.reuseable.maps.mapui.MapScreenKt.MapScreen.<no name provided>'
                CALL 'public final fun invokeSuspend ($result: kotlin.Result<kotlin.Any?>): kotlin.Any? declared in com.example.common.reuseable.maps.mapui.MapScreenKt.MapScreen.<no name provided>' type=kotlin.Any? origin=null
                  $this: TYPE_OP type=com.example.common.reuseable.maps.mapui.MapScreenKt.MapScreen.<no name provided> origin=IMPLICIT_CAST typeOperand=com.example.common.reuseable.maps.mapui.MapScreenKt.MapScreen.<no name provided>
                    CALL 'public final fun create (value: kotlin.Any?, $completion: kotlin.coroutines.Continuation<kotlin.Nothing>): kotlin.coroutines.Continuation<kotlin.Unit> declared in com.example.common.reuseable.maps.mapui.MapScreenKt.MapScreen.<no name provided>' type=kotlin.coroutines.Continuation<kotlin.Unit> origin=null
                      $this: GET_VAR '<this>: com.example.common.reuseable.maps.mapui.MapScreenKt.MapScreen.<no name provided> declared in com.example.common.reuseable.maps.mapui.MapScreenKt.MapScreen.<no name provided>.invoke' type=com.example.common.reuseable.maps.mapui.MapScreenKt.MapScreen.<no name provided> origin=null
                      value: GET_VAR 'p1: kotlinx.coroutines.CoroutineScope declared in com.example.common.reuseable.maps.mapui.MapScreenKt.MapScreen.<no name provided>.invoke' type=kotlinx.coroutines.CoroutineScope origin=null
                      $completion: GET_VAR 'p2: kotlin.coroutines.Continuation<kotlin.Unit>? declared in com.example.common.reuseable.maps.mapui.MapScreenKt.MapScreen.<no name provided>.invoke' type=kotlin.coroutines.Continuation<kotlin.Unit>? origin=null
                  $result: CALL 'public final fun <unsafe-coerce> <T, R> (v: T of kotlin.jvm.internal.<unsafe-coerce>): R of kotlin.jvm.internal.<unsafe-coerce> declared in kotlin.jvm.internal' type=kotlin.Result<kotlin.Any?> origin=null
                    <T>: kotlin.Any?
                    <R>: kotlin.Result<kotlin.Any?>
                    v: GET_FIELD 'FIELD FIELD_FOR_OBJECT_INSTANCE name:INSTANCE type:kotlin.Unit visibility:public [final,static]' type=kotlin.Unit origin=null
          FIELD FIELD_FOR_CAPTURED_VALUE name:$selectedPosition type:androidx.compose.runtime.MutableState<com.google.android.gms.maps.model.LatLng> visibility:public/*package*/ [final]
          FIELD FIELD_FOR_CAPTURED_VALUE name:$originPosition type:androidx.compose.runtime.MutableState<com.google.android.gms.maps.model.LatLng> visibility:public/*package*/ [final]
          FIELD FIELD_FOR_CAPTURED_VALUE name:$route type:androidx.compose.runtime.MutableState<kotlin.collections.List<com.google.android.gms.maps.model.LatLng>> visibility:public/*package*/ [final]
          FUN BRIDGE name:invoke visibility:public modality:OPEN <> ($this:com.example.common.reuseable.maps.mapui.MapScreenKt.MapScreen.<no name provided>, p1:kotlin.Any?, p2:kotlin.Any?) returnType:kotlin.Any?
            $this: VALUE_PARAMETER INSTANCE_RECEIVER name:<this> type:com.example.common.reuseable.maps.mapui.MapScreenKt.MapScreen.<no name provided>
            VALUE_PARAMETER BRIDGE name:p1 index:0 type:kotlin.Any?
            VALUE_PARAMETER BRIDGE name:p2 index:1 type:kotlin.Any?
            EXPRESSION_BODY
              RETURN type=kotlin.Nothing from='public open fun invoke (p1: kotlin.Any?, p2: kotlin.Any?): kotlin.Any? declared in com.example.common.reuseable.maps.mapui.MapScreenKt.MapScreen.<no name provided>'
                CALL 'public final fun invoke (p1: kotlinx.coroutines.CoroutineScope, p2: kotlin.coroutines.Continuation<kotlin.Unit>?): kotlin.Any? declared in com.example.common.reuseable.maps.mapui.MapScreenKt.MapScreen.<no name provided>' type=kotlin.Any? origin=BRIDGE_DELEGATION
                  $this: GET_VAR '<this>: com.example.common.reuseable.maps.mapui.MapScreenKt.MapScreen.<no name provided> declared in com.example.common.reuseable.maps.mapui.MapScreenKt.MapScreen.<no name provided>.invoke' type=com.example.common.reuseable.maps.mapui.MapScreenKt.MapScreen.<no name provided> origin=null
                  p1: TYPE_OP type=kotlinx.coroutines.CoroutineScope origin=IMPLICIT_CAST typeOperand=kotlinx.coroutines.CoroutineScope
                    GET_VAR 'p1: kotlin.Any? declared in com.example.common.reuseable.maps.mapui.MapScreenKt.MapScreen.<no name provided>.invoke' type=kotlin.Any? origin=null
                  p2: TYPE_OP type=kotlin.coroutines.Continuation<*> origin=IMPLICIT_CAST typeOperand=kotlin.coroutines.Continuation<*>
                    GET_VAR 'p2: kotlin.Any? declared in com.example.common.reuseable.maps.mapui.MapScreenKt.MapScreen.<no name provided>.invoke' type=kotlin.Any? origin=null
        CONSTRUCTOR_CALL 'public/*package*/ constructor <init> ($selectedPosition: androidx.compose.runtime.MutableState<com.google.android.gms.maps.model.LatLng>, $originPosition: androidx.compose.runtime.MutableState<com.google.android.gms.maps.model.LatLng>, $route: androidx.compose.runtime.MutableState<kotlin.collections.List<com.google.android.gms.maps.model.LatLng>>, $completion: kotlin.coroutines.Continuation<com.example.common.reuseable.maps.mapui.MapScreenKt.MapScreen.<no name provided>>?) [primary] declared in com.example.common.reuseable.maps.mapui.MapScreenKt.MapScreen.<no name provided>' type=com.example.common.reuseable.maps.mapui.MapScreenKt.MapScreen.<no name provided> origin=null
          $selectedPosition: GET_VAR 'val selectedPosition: androidx.compose.runtime.MutableState<com.google.android.gms.maps.model.LatLng> [val] declared in com.example.common.reuseable.maps.mapui.MapScreenKt.MapScreen' type=androidx.compose.runtime.MutableState<com.google.android.gms.maps.model.LatLng> origin=null
          $originPosition: GET_VAR 'val originPosition: androidx.compose.runtime.MutableState<com.google.android.gms.maps.model.LatLng> [val] declared in com.example.common.reuseable.maps.mapui.MapScreenKt.MapScreen' type=androidx.compose.runtime.MutableState<com.google.android.gms.maps.model.LatLng> origin=null
          $route: GET_VAR 'val route: androidx.compose.runtime.MutableState<kotlin.collections.List<com.google.android.gms.maps.model.LatLng>> [val] declared in com.example.common.reuseable.maps.mapui.MapScreenKt.MapScreen' type=androidx.compose.runtime.MutableState<kotlin.collections.List<com.google.android.gms.maps.model.LatLng>> origin=null
          $completion: CONST Null type=kotlin.Nothing? value=null
    CALL 'public final fun Scaffold-QMVK-b8$default (modifier: androidx.compose.ui.Modifier?, topBar: @[Composable] kotlin.Function0<kotlin.Unit>?, bottomBar: @[Composable] kotlin.Function0<kotlin.Unit>?, snackbarHost: @[Composable] kotlin.Function0<kotlin.Unit>?, floatingActionButton: @[Composable] kotlin.Function0<kotlin.Unit>?, floatingActionButtonPosition: androidx.compose.material3.FabPosition, containerColor: androidx.compose.ui.graphics.Color, contentColor: androidx.compose.ui.graphics.Color, contentWindowInsets: androidx.compose.foundation.layout.WindowInsets?, content: @[Composable] kotlin.Function1<androidx.compose.foundation.layout.PaddingValues, kotlin.Unit>, $mask0: kotlin.Int, $handler: kotlin.Any?): kotlin.Unit declared in androidx.compose.material3.ScaffoldKt' type=kotlin.Unit origin=DEFAULT_DISPATCH_CALL
      modifier: GET_VAR 'modifier: androidx.compose.ui.Modifier declared in com.example.common.reuseable.maps.mapui.MapScreenKt.MapScreen' type=androidx.compose.ui.Modifier origin=null
      topBar: COMPOSITE type=@[Composable] kotlin.Function0<kotlin.Unit>? origin=DEFAULT_VALUE
        CONST Null type=@[Composable] kotlin.Function0<kotlin.Unit>? value=null
      bottomBar: COMPOSITE type=@[Composable] kotlin.Function0<kotlin.Unit>? origin=DEFAULT_VALUE
        CONST Null type=@[Composable] kotlin.Function0<kotlin.Unit>? value=null
      snackbarHost: COMPOSITE type=@[Composable] kotlin.Function0<kotlin.Unit>? origin=DEFAULT_VALUE
        CONST Null type=@[Composable] kotlin.Function0<kotlin.Unit>? value=null
      floatingActionButton: BLOCK type=kotlin.Function0<kotlin.Unit> origin=LAMBDA
        COMPOSITE type=kotlin.Unit origin=null
        CALL 'public final fun <jvm-indy> <T> (dynamicCall: T of kotlin.jvm.internal.<jvm-indy>, bootstrapMethodHandle: kotlin.Any, vararg bootstrapMethodArguments: kotlin.Any): T of kotlin.jvm.internal.<jvm-indy> declared in kotlin.jvm.internal' type=kotlin.Function0<kotlin.Unit> origin=null
          <T>: kotlin.Function0<kotlin.Unit>
          dynamicCall: CALL 'public final fun invoke (p0: android.content.Context): kotlin.Function0<kotlin.Unit> declared in kotlin.jvm.internal.invokeDynamic' type=kotlin.Function0<kotlin.Unit> origin=null
            p0: GET_VAR 'val context: android.content.Context [val] declared in com.example.common.reuseable.maps.mapui.MapScreenKt.MapScreen' type=android.content.Context origin=null
          bootstrapMethodHandle: CALL 'public final fun <jvm-method-handle> (tag: kotlin.Int, owner: kotlin.String, name: kotlin.String, descriptor: kotlin.String, isInterface: kotlin.Boolean): kotlin.Any declared in kotlin.jvm.internal' type=kotlin.Any origin=null
            tag: CONST Int type=kotlin.Int value=6
            owner: CONST String type=kotlin.String value="java/lang/invoke/LambdaMetafactory"
            name: CONST String type=kotlin.String value="metafactory"
            descriptor: CONST String type=kotlin.String value="(Ljava/lang/invoke/MethodHandles$Lookup;Ljava/lang/String;Ljava/lang/invoke/MethodType;Ljava/lang/invoke/MethodType;Ljava/lang/invoke/MethodHandle;Ljava/lang/invoke/MethodType;)Ljava/lang/invoke/CallSite;"
            isInterface: CONST Boolean type=kotlin.Boolean value=false
          bootstrapMethodArguments: VARARG type=kotlin.Array<kotlin.Any> varargElementType=kotlin.Any
            CALL 'public final fun <jvm-original-method-type> (method: kotlin.Any): kotlin.Any declared in kotlin.jvm.internal' type=kotlin.Any origin=null
              method: RAW_FUNCTION_REFERENCE 'public abstract fun invoke (): R of kotlin.Function0 [operator] declared in kotlin.Function0' type=kotlin.Any
            RAW_FUNCTION_REFERENCE 'private final fun MapScreen$lambda$10 ($context: android.content.Context): kotlin.Unit? declared in com.example.common.reuseable.maps.mapui.MapScreenKt' type=kotlin.Any
            CALL 'public final fun <jvm-original-method-type> (method: kotlin.Any): kotlin.Any declared in kotlin.jvm.internal' type=kotlin.Any origin=null
              method: RAW_FUNCTION_REFERENCE 'public abstract fun invoke (): kotlin.Unit? [fake_override,operator] declared in kotlin.jvm.internal.invokeDynamic.<fake>' type=kotlin.Any
      floatingActionButtonPosition: COMPOSITE type=androidx.compose.material3.FabPosition origin=DEFAULT_VALUE
        CALL 'public final fun <unsafe-coerce> <T, R> (v: T of kotlin.jvm.internal.<unsafe-coerce>): R of kotlin.jvm.internal.<unsafe-coerce> declared in kotlin.jvm.internal' type=androidx.compose.material3.FabPosition origin=null
          <T>: kotlin.Int
          <R>: androidx.compose.material3.FabPosition
          v: CONST Int type=kotlin.Int value=0
      containerColor: COMPOSITE type=androidx.compose.ui.graphics.Color origin=DEFAULT_VALUE
        CALL 'public final fun <unsafe-coerce> <T, R> (v: T of kotlin.jvm.internal.<unsafe-coerce>): R of kotlin.jvm.internal.<unsafe-coerce> declared in kotlin.jvm.internal' type=androidx.compose.ui.graphics.Color origin=null
          <T>: kotlin.Long
          <R>: androidx.compose.ui.graphics.Color
          v: CONST Long type=kotlin.Long value=0
      contentColor: COMPOSITE type=androidx.compose.ui.graphics.Color origin=DEFAULT_VALUE
        CALL 'public final fun <unsafe-coerce> <T, R> (v: T of kotlin.jvm.internal.<unsafe-coerce>): R of kotlin.jvm.internal.<unsafe-coerce> declared in kotlin.jvm.internal' type=androidx.compose.ui.graphics.Color origin=null
          <T>: kotlin.Long
          <R>: androidx.compose.ui.graphics.Color
          v: CONST Long type=kotlin.Long value=0
      contentWindowInsets: COMPOSITE type=androidx.compose.foundation.layout.WindowInsets? origin=DEFAULT_VALUE
        CONST Null type=androidx.compose.foundation.layout.WindowInsets? value=null
      content: BLOCK type=kotlin.Function1<androidx.compose.foundation.layout.PaddingValues, kotlin.Unit> origin=LAMBDA
        COMPOSITE type=kotlin.Unit origin=null
        CALL 'public final fun <jvm-indy> <T> (dynamicCall: T of kotlin.jvm.internal.<jvm-indy>, bootstrapMethodHandle: kotlin.Any, vararg bootstrapMethodArguments: kotlin.Any): T of kotlin.jvm.internal.<jvm-indy> declared in kotlin.jvm.internal' type=kotlin.Function1<androidx.compose.foundation.layout.PaddingValues, kotlin.Unit> origin=null
          <T>: kotlin.Function1<androidx.compose.foundation.layout.PaddingValues, kotlin.Unit>
          dynamicCall: CALL 'public final fun invoke (p0: androidx.compose.runtime.MutableState<kotlin.String>, p1: androidx.compose.runtime.MutableState<kotlin.collections.List<kotlin.Pair<kotlin.String, com.google.android.gms.maps.model.LatLng>>>, p2: androidx.compose.runtime.MutableState<kotlin.Pair<kotlin.String, com.google.android.gms.maps.model.LatLng>?>, p3: androidx.compose.runtime.MutableState<com.google.android.gms.maps.model.LatLng>, p4: com.google.maps.android.compose.CameraPositionState, p5: androidx.compose.runtime.MutableState<com.google.android.gms.maps.model.LatLng>, p6: androidx.compose.runtime.MutableState<kotlin.collections.List<com.google.android.gms.maps.model.LatLng>>): kotlin.Function1<androidx.compose.foundation.layout.PaddingValues, kotlin.Unit> declared in kotlin.jvm.internal.invokeDynamic' type=kotlin.Function1<androidx.compose.foundation.layout.PaddingValues, kotlin.Unit> origin=null
            p0: GET_VAR 'val searchQuery: androidx.compose.runtime.MutableState<kotlin.String> [val] declared in com.example.common.reuseable.maps.mapui.MapScreenKt.MapScreen' type=androidx.compose.runtime.MutableState<kotlin.String> origin=null
            p1: GET_VAR 'val suggestions: androidx.compose.runtime.MutableState<kotlin.collections.List<kotlin.Pair<kotlin.String, com.google.android.gms.maps.model.LatLng>>> [val] declared in com.example.common.reuseable.maps.mapui.MapScreenKt.MapScreen' type=androidx.compose.runtime.MutableState<kotlin.collections.List<kotlin.Pair<kotlin.String, com.google.android.gms.maps.model.LatLng>>> origin=null
            p2: GET_VAR 'val selectedSuggestion: androidx.compose.runtime.MutableState<kotlin.Pair<kotlin.String, com.google.android.gms.maps.model.LatLng>?> [val] declared in com.example.common.reuseable.maps.mapui.MapScreenKt.MapScreen' type=androidx.compose.runtime.MutableState<kotlin.Pair<kotlin.String, com.google.android.gms.maps.model.LatLng>?> origin=null
            p3: GET_VAR 'val selectedPosition: androidx.compose.runtime.MutableState<com.google.android.gms.maps.model.LatLng> [val] declared in com.example.common.reuseable.maps.mapui.MapScreenKt.MapScreen' type=androidx.compose.runtime.MutableState<com.google.android.gms.maps.model.LatLng> origin=null
            p4: GET_VAR 'val cameraPositionState: com.google.maps.android.compose.CameraPositionState [val] declared in com.example.common.reuseable.maps.mapui.MapScreenKt.MapScreen' type=com.google.maps.android.compose.CameraPositionState origin=null
            p5: GET_VAR 'val originPosition: androidx.compose.runtime.MutableState<com.google.android.gms.maps.model.LatLng> [val] declared in com.example.common.reuseable.maps.mapui.MapScreenKt.MapScreen' type=androidx.compose.runtime.MutableState<com.google.android.gms.maps.model.LatLng> origin=null
            p6: GET_VAR 'val route: androidx.compose.runtime.MutableState<kotlin.collections.List<com.google.android.gms.maps.model.LatLng>> [val] declared in com.example.common.reuseable.maps.mapui.MapScreenKt.MapScreen' type=androidx.compose.runtime.MutableState<kotlin.collections.List<com.google.android.gms.maps.model.LatLng>> origin=null
          bootstrapMethodHandle: CALL 'public final fun <jvm-method-handle> (tag: kotlin.Int, owner: kotlin.String, name: kotlin.String, descriptor: kotlin.String, isInterface: kotlin.Boolean): kotlin.Any declared in kotlin.jvm.internal' type=kotlin.Any origin=null
            tag: CONST Int type=kotlin.Int value=6
            owner: CONST String type=kotlin.String value="java/lang/invoke/LambdaMetafactory"
            name: CONST String type=kotlin.String value="metafactory"
            descriptor: CONST String type=kotlin.String value="(Ljava/lang/invoke/MethodHandles$Lookup;Ljava/lang/String;Ljava/lang/invoke/MethodType;Ljava/lang/invoke/MethodType;Ljava/lang/invoke/MethodHandle;Ljava/lang/invoke/MethodType;)Ljava/lang/invoke/CallSite;"
            isInterface: CONST Boolean type=kotlin.Boolean value=false
          bootstrapMethodArguments: VARARG type=kotlin.Array<kotlin.Any> varargElementType=kotlin.Any
            CALL 'public final fun <jvm-original-method-type> (method: kotlin.Any): kotlin.Any declared in kotlin.jvm.internal' type=kotlin.Any origin=null
              method: RAW_FUNCTION_REFERENCE 'public abstract fun invoke (p1: P1 of kotlin.Function1): R of kotlin.Function1 [operator] declared in kotlin.Function1' type=kotlin.Any
            RAW_FUNCTION_REFERENCE 'private final fun MapScreen$lambda$19 ($searchQuery: androidx.compose.runtime.MutableState<kotlin.String>, $suggestions: androidx.compose.runtime.MutableState<kotlin.collections.List<kotlin.Pair<kotlin.String, com.google.android.gms.maps.model.LatLng>>>, $selectedSuggestion: androidx.compose.runtime.MutableState<kotlin.Pair<kotlin.String, com.google.android.gms.maps.model.LatLng>?>, $selectedPosition: androidx.compose.runtime.MutableState<com.google.android.gms.maps.model.LatLng>, $cameraPositionState: com.google.maps.android.compose.CameraPositionState, $originPosition: androidx.compose.runtime.MutableState<com.google.android.gms.maps.model.LatLng>, $route: androidx.compose.runtime.MutableState<kotlin.collections.List<com.google.android.gms.maps.model.LatLng>>, padding: androidx.compose.foundation.layout.PaddingValues): kotlin.Unit? declared in com.example.common.reuseable.maps.mapui.MapScreenKt' type=kotlin.Any
            CALL 'public final fun <jvm-original-method-type> (method: kotlin.Any): kotlin.Any declared in kotlin.jvm.internal' type=kotlin.Any origin=null
              method: RAW_FUNCTION_REFERENCE 'public abstract fun invoke (p1: androidx.compose.foundation.layout.PaddingValues): kotlin.Unit? [fake_override,operator] declared in kotlin.jvm.internal.invokeDynamic.<fake>' type=kotlin.Any
      $mask0: CONST Int type=kotlin.Int value=494
      $handler: CONST Null type=kotlin.Any? value=null

	at org.jetbrains.kotlin.backend.jvm.codegen.FunctionCodegen.generate(FunctionCodegen.kt:50)
	at org.jetbrains.kotlin.backend.jvm.codegen.FunctionCodegen.generate$default(FunctionCodegen.kt:42)
	at org.jetbrains.kotlin.backend.jvm.codegen.ClassCodegen.generateMethodNode(ClassCodegen.kt:385)
	at org.jetbrains.kotlin.backend.jvm.codegen.ClassCodegen.generateMethod(ClassCodegen.kt:402)
	at org.jetbrains.kotlin.backend.jvm.codegen.ClassCodegen.generate(ClassCodegen.kt:169)
	at org.jetbrains.kotlin.backend.jvm.FileCodegen.lower(JvmPhases.kt:41)
	at org.jetbrains.kotlin.backend.common.phaser.PhaseBuildersKt.makeIrFilePhase$lambda$5(PhaseBuilders.kt:114)
	at org.jetbrains.kotlin.backend.common.phaser.PhaseBuildersKt$createSimpleNamedCompilerPhase$1.phaseBody(PhaseBuilders.kt:71)
	at org.jetbrains.kotlin.backend.common.phaser.SimpleNamedCompilerPhase.phaseBody(CompilerPhase.kt:226)
	at org.jetbrains.kotlin.backend.common.phaser.AbstractNamedCompilerPhase.invoke(CompilerPhase.kt:113)
	at org.jetbrains.kotlin.backend.common.phaser.PerformByIrFilePhase.invokeSequential(performByIrFile.kt:62)
	... 43 more
Caused by: org.jetbrains.kotlin.codegen.CompilationException: Back-end (JVM) Internal error: Couldn't inline method call: CALL 'public final fun <get-current> (): T of androidx.compose.runtime.CompositionLocal [inline] declared in androidx.compose.runtime.CompositionLocal' type=android.content.Context origin=GET_PROPERTY
Method: null
File is unknown
The root cause java.lang.IllegalStateException was thrown at: org.jetbrains.kotlin.codegen.inline.SourceCompilerForInlineKt.getMethodNode(SourceCompilerForInline.kt:118)
	at org.jetbrains.kotlin.codegen.inline.InlineCodegen.performInline(InlineCodegen.kt:65)
	at org.jetbrains.kotlin.backend.jvm.codegen.IrInlineCodegen.genInlineCall(IrInlineCodegen.kt:162)
	at org.jetbrains.kotlin.backend.jvm.codegen.IrInlineCallGenerator.genCall(IrInlineCallGenerator.kt:36)
	at org.jetbrains.kotlin.backend.jvm.codegen.ExpressionCodegen.visitCall(ExpressionCodegen.kt:647)
	at org.jetbrains.kotlin.backend.jvm.codegen.ExpressionCodegen.visitCall(ExpressionCodegen.kt:137)
	at org.jetbrains.kotlin.ir.expressions.IrCall.accept(IrCall.kt:24)
	at org.jetbrains.kotlin.backend.jvm.codegen.ExpressionCodegen.visitVariable(ExpressionCodegen.kt:784)
	at org.jetbrains.kotlin.backend.jvm.codegen.ExpressionCodegen.visitVariable(ExpressionCodegen.kt:137)
	at org.jetbrains.kotlin.ir.declarations.IrVariable.accept(IrVariable.kt:36)
	at org.jetbrains.kotlin.backend.jvm.codegen.ExpressionCodegen.visitStatementContainer(ExpressionCodegen.kt:573)
	at org.jetbrains.kotlin.backend.jvm.codegen.ExpressionCodegen.visitBlockBody(ExpressionCodegen.kt:578)
	at org.jetbrains.kotlin.backend.jvm.codegen.ExpressionCodegen.visitBlockBody(ExpressionCodegen.kt:137)
	at org.jetbrains.kotlin.ir.expressions.IrBlockBody.accept(IrBlockBody.kt:20)
	at org.jetbrains.kotlin.backend.jvm.codegen.ExpressionCodegen.generate(ExpressionCodegen.kt:239)
	at org.jetbrains.kotlin.backend.jvm.codegen.FunctionCodegen.doGenerate(FunctionCodegen.kt:121)
	at org.jetbrains.kotlin.backend.jvm.codegen.FunctionCodegen.generate(FunctionCodegen.kt:46)
	... 53 more
Caused by: java.lang.IllegalStateException: couldn't find inline method Landroidx/compose/runtime/CompositionLocal;.getCurrent()Ljava/lang/Object;
	at org.jetbrains.kotlin.codegen.inline.SourceCompilerForInlineKt.getMethodNode(SourceCompilerForInline.kt:118)
	at org.jetbrains.kotlin.codegen.inline.SourceCompilerForInlineKt.loadCompiledInlineFunction(SourceCompilerForInline.kt:96)
	at org.jetbrains.kotlin.backend.jvm.codegen.IrSourceCompilerForInline.compileInlineFunction(IrSourceCompilerForInline.kt:91)
	at org.jetbrains.kotlin.codegen.inline.InlineCodegen.compileInline(InlineCodegen.kt:43)
	at org.jetbrains.kotlin.codegen.inline.InlineCodegen.performInline(InlineCodegen.kt:51)
	... 68 more


